#include <stdbool.h>
#include <stdint.h>
#include <stdlib.h>

typedef int64_t DartPort;

typedef bool (*DartPostCObjectFnType)(DartPort port_id, void *message);

typedef struct WireSyncReturnStruct {
  uint8_t *ptr;
  int32_t len;
  bool success;
} WireSyncReturnStruct;

void store_dart_post_cobject(DartPostCObjectFnType ptr);

void wire_get_prayer_timings(int64_t port_,
                             double lat,
                             double lon,
                             uint32_t day,
                             uint32_t month,
                             int32_t year,
                             int32_t madhab,
                             int32_t method);

void wire_get_calculated_hijri_date(int64_t port_, uint32_t day, uint32_t month, int32_t year);

void wire_get_qiblah_angle_from_north(int64_t port_, double lat, double lon);

void free_WireSyncReturnStruct(struct WireSyncReturnStruct val);

static int64_t dummy_method_to_enforce_bundling(void) {
    int64_t dummy_var = 0;
    dummy_var ^= ((int64_t) (void*) wire_get_prayer_timings);
    dummy_var ^= ((int64_t) (void*) wire_get_calculated_hijri_date);
    dummy_var ^= ((int64_t) (void*) wire_get_qiblah_angle_from_north);
    dummy_var ^= ((int64_t) (void*) free_WireSyncReturnStruct);
    dummy_var ^= ((int64_t) (void*) store_dart_post_cobject);
    return dummy_var;
}